App/build 2/app/intermediates/manifest_merge_blame_file/debug/manifest-merger-blame-debug-report.txt
1<?xml version="1.0" encoding="utf-8"?>
2<manifest xmlns:android="http://schemas.android.com/apk/res/android"
3    package="com.example.finbitbybit"
4    android:versionCode="1"
5    android:versionName="1.0.0" >
6
7    <uses-sdk
8        android:minSdkVersion="21"
9        android:targetSdkVersion="30" />
10    <!--
11         Flutter needs it to communicate with the running application
12         to allow setting breakpoints, to provide hot reload, etc.
13    -->
14    <uses-permission android:name="android.permission.INTERNET" />
14-->src/main/AndroidManifest.xml:3:9-70
14-->src/main/AndroidManifest.xml:3:26-68
15
16    <queries>
16-->src/main/AndroidManifest.xml:4:9-17:19
17        <intent>
17-->src/main/AndroidManifest.xml:5:13-8:22
18            <action android:name="android.intent.action.VIEW" />
18-->src/main/AndroidManifest.xml:6:17-69
18-->src/main/AndroidManifest.xml:6:25-66
19
20            <data android:scheme="https" />
20-->src/main/AndroidManifest.xml:7:17-48
20-->src/main/AndroidManifest.xml:7:23-45
21        </intent>
22        <intent>
22-->src/main/AndroidManifest.xml:9:13-12:22
23            <action android:name="android.intent.action.DIAL" />
23-->src/main/AndroidManifest.xml:10:17-69
23-->src/main/AndroidManifest.xml:10:25-66
24
25            <data android:scheme="tel" />
25-->src/main/AndroidManifest.xml:7:17-48
25-->src/main/AndroidManifest.xml:7:23-45
26        </intent>
27        <intent>
27-->src/main/AndroidManifest.xml:13:13-16:22
28            <action android:name="android.intent.action.SEND" />
28-->src/main/AndroidManifest.xml:14:17-69
28-->src/main/AndroidManifest.xml:14:25-66
29
30            <data android:mimeType="*/*" />
30-->src/main/AndroidManifest.xml:7:17-48
31        </intent>
32    </queries>
33
34    <uses-permission android:name="android.permission.ACCESS_FINE_LOCATION" />
34-->src/main/AndroidManifest.xml:18:9-83
34-->src/main/AndroidManifest.xml:18:26-80
35    <uses-permission android:name="android.permission.ACCESS_COARSE_LOCATION" />
35-->src/main/AndroidManifest.xml:19:9-85
35-->src/main/AndroidManifest.xml:19:26-82
36    <uses-permission android:name="android.permission.ACCESS_BACKGROUND_LOCATION" />
36-->src/main/AndroidManifest.xml:20:9-89
36-->src/main/AndroidManifest.xml:20:26-86
37
38    <application
38-->src/main/AndroidManifest.xml:21:4-58:19
39        android:appComponentFactory="androidx.core.app.CoreComponentFactory"
39-->[androidx.core:core:1.6.0] AndroidManifest.xml:24:18-86
40        android:debuggable="true"
41        android:icon="@mipmap/ic_launcher"
41-->src/main/AndroidManifest.xml:23:9-43
42        android:label="Kisan Rakshak" >
42-->src/main/AndroidManifest.xml:22:9-38
43        <activity
43-->src/main/AndroidManifest.xml:24:9-52:20
44            android:name="com.example.finbitbybit.MainActivity"
44-->src/main/AndroidManifest.xml:25:13-41
45            android:configChanges="orientation|keyboardHidden|keyboard|screenSize|smallestScreenSize|locale|layoutDirection|fontScale|screenLayout|density|uiMode"
45-->src/main/AndroidManifest.xml:28:13-163
46            android:hardwareAccelerated="true"
46-->src/main/AndroidManifest.xml:29:13-47
47            android:launchMode="singleTop"
47-->src/main/AndroidManifest.xml:26:13-43
48            android:theme="@style/LaunchTheme"
48-->src/main/AndroidManifest.xml:27:13-47
49            android:windowSoftInputMode="adjustResize" >
49-->src/main/AndroidManifest.xml:30:13-55
50
51            <!--
52                 Specifies an Android theme to apply to this Activity as soon as
53                 the Android process has started. This theme is visible to the user
54                 while the Flutter UI initializes. After that, this theme continues
55                 to determine the Window background behind the Flutter UI.
56            -->
57            <meta-data
57-->src/main/AndroidManifest.xml:35:13-38:17
58                android:name="io.flutter.embedding.android.NormalTheme"
58-->src/main/AndroidManifest.xml:36:15-70
59                android:resource="@style/NormalTheme" />
59-->src/main/AndroidManifest.xml:37:15-52
60            <!--
61                 Displays an Android View that continues showing the launch screen
62                 Drawable until Flutter paints its first frame, then this splash
63                 screen fades out. A splash screen is useful to avoid any visual
64                 gap between the end of Android's launch screen and the painting of
65                 Flutter's first frame.
66            -->
67            <meta-data
67-->src/main/AndroidManifest.xml:44:13-47:17
68                android:name="io.flutter.embedding.android.SplashScreenDrawable"
68-->src/main/AndroidManifest.xml:45:15-79
69                android:resource="@drawable/launch_background" />
69-->src/main/AndroidManifest.xml:46:15-61
70
71            <intent-filter>
71-->src/main/AndroidManifest.xml:48:13-51:29
72                <action android:name="android.intent.action.MAIN" />
72-->src/main/AndroidManifest.xml:49:17-68
72-->src/main/AndroidManifest.xml:49:25-66
73
74                <category android:name="android.intent.category.LAUNCHER" />
74-->src/main/AndroidManifest.xml:50:17-76
74-->src/main/AndroidManifest.xml:50:27-74
75            </intent-filter>
76        </activity>
77        <!--
78             Don't delete the meta-data below.
79             This is used by the Flutter tool to generate GeneratedPluginRegistrant.java
80        -->
81        <meta-data
81-->src/main/AndroidManifest.xml:55:9-57:33
82            android:name="flutterEmbedding"
82-->src/main/AndroidManifest.xml:56:13-44
83            android:value="2" />
83-->src/main/AndroidManifest.xml:57:13-30
84
85        <activity
85-->[:url_launcher_android] AndroidManifest.xml:8:9-11:74
86            android:name="io.flutter.plugins.urllauncher.WebViewActivity"
86-->[:url_launcher_android] AndroidManifest.xml:9:13-74
87            android:exported="false"
87-->[:url_launcher_android] AndroidManifest.xml:10:13-37
88            android:theme="@android:style/Theme.NoTitleBar.Fullscreen" />
88-->[:url_launcher_android] AndroidManifest.xml:11:13-71
89
90        <uses-library
90-->[androidx.window:window:1.0.0-beta04] AndroidManifest.xml:25:9-27:40
91            android:name="androidx.window.extensions"
91-->[androidx.window:window:1.0.0-beta04] AndroidManifest.xml:26:13-54
92            android:required="false" />
92-->[androidx.window:window:1.0.0-beta04] AndroidManifest.xml:27:13-37
93        <uses-library
93-->[androidx.window:window:1.0.0-beta04] AndroidManifest.xml:28:9-30:40
94            android:name="androidx.window.sidecar"
94-->[androidx.window:window:1.0.0-beta04] AndroidManifest.xml:29:13-51
95            android:required="false" />
95-->[androidx.window:window:1.0.0-beta04] AndroidManifest.xml:30:13-37
96
97        <activity
97-->[com.google.android.gms:play-services-base:17.0.0] AndroidManifest.xml:23:9-26:75
98            android:name="com.google.android.gms.common.api.GoogleApiActivity"
98-->[com.google.android.gms:play-services-base:17.0.0] AndroidManifest.xml:24:13-79
99            android:exported="false"
99-->[com.google.android.gms:play-services-base:17.0.0] AndroidManifest.xml:25:13-37
100            android:theme="@android:style/Theme.Translucent.NoTitleBar" />
100-->[com.google.android.gms:play-services-base:17.0.0] AndroidManifest.xml:26:13-72
101
102        <meta-data
102-->[com.google.android.gms:play-services-basement:17.0.0] AndroidManifest.xml:23:9-25:69
103            android:name="com.google.android.gms.version"
103-->[com.google.android.gms:play-services-basement:17.0.0] AndroidManifest.xml:24:13-58
104            android:value="@integer/google_play_services_version" />
104-->[com.google.android.gms:play-services-basement:17.0.0] AndroidManifest.xml:25:13-66
105    </application>
106
107</manifest>